<?xml version="1.0" encoding="UTF-8"?>
<testExecutions version="1">
    <file path="C:\Users\joeps\OneDrive\Bureaublad\jest-project\api\src\test\index.test.js">
        <testCase name="Get Endpoints Get" duration="44"/>
    </file>
</testExecutions>